<?xml version="1.0" encoding="UTF-8"?>
<!-- Generated by org.testng.reporters.JUnitXMLReporter -->
<testsuite hostname="B2ML39194" ignored="0" name="LoginPage" tests="3" failures="0" timestamp="2021-08-24T16:21:49 IST" time="37.166" errors="0">
  <testcase name="loginpage_field_validation" time="3.39" classname="bazil.FrameworkCreation.loginpage"/>
  <testcase name="loginpage_submit" time="3.574" classname="bazil.FrameworkCreation.loginpage"/>
  <testcase name="loginpage_submit" time="3.544" classname="bazil.FrameworkCreation.loginpage"/>
</testsuite> <!-- LoginPage -->
