<?xml version="1.0" encoding="UTF-8"?>
<!-- Generated by org.testng.reporters.JUnitXMLReporter -->
<testsuite hostname="B2ML39194" ignored="0" name="Test" tests="4" failures="0" timestamp="2021-08-21T20:50:34 IST" time="47.983" errors="0">
  <testcase name="titleValidation" time="0.093" classname="bazil.FrameworkCreation.homePage"/>
  <testcase name="loginpage_field_validation" time="3.163" classname="bazil.FrameworkCreation.loginpage"/>
  <testcase name="loginpage_submit" time="3.676" classname="bazil.FrameworkCreation.loginpage"/>
  <testcase name="loginpage_submit" time="3.642" classname="bazil.FrameworkCreation.loginpage"/>
</testsuite> <!-- Test -->
