<?xml version="1.0" encoding="UTF-8"?>
<!-- Generated by org.testng.reporters.JUnitXMLReporter -->
<testsuite hostname="B2ML39194" ignored="0" name="LoginPage" tests="3" failures="0" timestamp="2021-08-24T07:29:53 IST" time="52.196" errors="0">
  <testcase name="loginpage_field_validation" time="4.372" classname="bazil.FrameworkCreation.loginpage"/>
  <testcase name="loginpage_submit" time="4.439" classname="bazil.FrameworkCreation.loginpage"/>
  <testcase name="loginpage_submit" time="4.358" classname="bazil.FrameworkCreation.loginpage"/>
</testsuite> <!-- LoginPage -->
