<?xml version="1.0" encoding="UTF-8"?>
<testng-results skipped="0" failed="0" ignored="0" total="1" passed="1">
  <reporter-output>
  </reporter-output>
  <suite name="Default suite" duration-ms="6372" started-at="2021-08-27T07:38:17 IST" finished-at="2021-08-27T07:38:23 IST">
    <groups>
    </groups>
    <test name="Default test" duration-ms="6372" started-at="2021-08-27T07:38:17 IST" finished-at="2021-08-27T07:38:23 IST">
      <class name="bazil.FrameworkCreation.dbtest">
        <test-method status="PASS" signature="createconnection()[pri:0, instance:bazil.FrameworkCreation.dbtest@158a8276]" name="createconnection" is-config="true" duration-ms="4528" started-at="2021-08-27T07:38:17 IST" finished-at="2021-08-27T07:38:22 IST">
          <reporter-output>
          </reporter-output>
        </test-method> <!-- createconnection -->
        <test-method status="PASS" signature="database_validation()[pri:0, instance:bazil.FrameworkCreation.dbtest@158a8276]" name="database_validation" duration-ms="1457" started-at="2021-08-27T07:38:22 IST" finished-at="2021-08-27T07:38:23 IST">
          <reporter-output>
          </reporter-output>
        </test-method> <!-- database_validation -->
        <test-method status="PASS" signature="closeconnection()[pri:0, instance:bazil.FrameworkCreation.dbtest@158a8276]" name="closeconnection" is-config="true" duration-ms="300" started-at="2021-08-27T07:38:23 IST" finished-at="2021-08-27T07:38:23 IST">
          <reporter-output>
          </reporter-output>
        </test-method> <!-- closeconnection -->
      </class> <!-- bazil.FrameworkCreation.dbtest -->
    </test> <!-- Default test -->
  </suite> <!-- Default suite -->
</testng-results>
